2025-09-28 12:52:32,325 INFO: MatScore AI startup [in c:\Users\msjma\OneDrive\Documentos\matscore_ai\app\__init__.py:89]
2025-09-28 12:52:38,895 INFO: MatScore AI startup [in c:\Users\msjma\OneDrive\Documentos\matscore_ai\app\__init__.py:89]
2025-09-28 12:52:41,940 INFO: Lista de ligas definida encontrada no cache. [in c:\Users\msjma\OneDrive\Documentos\matscore_ai\app\services\analysis_logic.py:53]
2025-09-28 12:52:42,466 INFO: Cache de jogos para 'Brasileirão Série A' em 2025-09-28 vazio. Buscando na API. [in c:\Users\msjma\OneDrive\Documentos\matscore_ai\app\services\analysis_logic.py:133]
2025-09-28 12:52:42,468 INFO: Buscando jogos para 'Brasileirão Série A' (ID: 71) na data: 2025-09-28... [in c:\Users\msjma\OneDrive\Documentos\matscore_ai\app\services\football_api.py:17]
2025-09-28 12:52:45,290 INFO: --> 6 jogos encontrados para 'Brasileirão Série A'. [in c:\Users\msjma\OneDrive\Documentos\matscore_ai\app\services\football_api.py:47]
2025-09-28 12:52:45,633 INFO: 0 jogos de 'Brasileirão Série A' salvos no cache do BD. [in c:\Users\msjma\OneDrive\Documentos\matscore_ai\app\services\analysis_logic.py:165]
2025-09-28 12:52:45,637 INFO: Analisando Jogo: Gremio vs Vitoria [in c:\Users\msjma\OneDrive\Documentos\matscore_ai\app\services\analysis_logic.py:63]
2025-09-28 12:52:45,650 INFO: --> Análise para 'Gremio vs Vitoria' não encontrada no cache. Gerando com a IA... [in c:\Users\msjma\OneDrive\Documentos\matscore_ai\app\services\analysis_logic.py:72]
2025-09-28 12:52:45,654 INFO: Buscando últimos 5 jogos para o time ID: 130 [in c:\Users\msjma\OneDrive\Documentos\matscore_ai\app\services\football_api.py:82]
2025-09-28 12:52:48,086 INFO: Buscando últimos 5 jogos para o time ID: 136 [in c:\Users\msjma\OneDrive\Documentos\matscore_ai\app\services\football_api.py:82]
2025-09-28 12:52:50,007 INFO: Buscando H2H entre os times: 130 vs 136 [in c:\Users\msjma\OneDrive\Documentos\matscore_ai\app\services\football_api.py:90]
2025-09-28 12:53:18,186 INFO: Gerando análise de IA para: Gremio vs Vitoria [in c:\Users\msjma\OneDrive\Documentos\matscore_ai\app\services\ai_analyzer.py:90]
2025-09-28 12:53:25,777 INFO: --> Nova análise para 'Gremio vs Vitoria' guardada no banco de dados. [in c:\Users\msjma\OneDrive\Documentos\matscore_ai\app\services\analysis_logic.py:98]
2025-09-28 12:53:25,788 INFO: Analisando Jogo: Atletico-MG vs Mirassol [in c:\Users\msjma\OneDrive\Documentos\matscore_ai\app\services\analysis_logic.py:63]
2025-09-28 12:53:25,794 INFO: --> Análise para 'Atletico-MG vs Mirassol' não encontrada no cache. Gerando com a IA... [in c:\Users\msjma\OneDrive\Documentos\matscore_ai\app\services\analysis_logic.py:72]
2025-09-28 12:53:25,796 INFO: Buscando últimos 5 jogos para o time ID: 1062 [in c:\Users\msjma\OneDrive\Documentos\matscore_ai\app\services\football_api.py:82]
2025-09-28 12:53:27,459 INFO: Buscando últimos 5 jogos para o time ID: 7848 [in c:\Users\msjma\OneDrive\Documentos\matscore_ai\app\services\football_api.py:82]
2025-09-28 12:53:29,248 INFO: Buscando H2H entre os times: 1062 vs 7848 [in c:\Users\msjma\OneDrive\Documentos\matscore_ai\app\services\football_api.py:90]
2025-09-28 12:53:51,531 INFO: Gerando análise de IA para: Atletico-MG vs Mirassol [in c:\Users\msjma\OneDrive\Documentos\matscore_ai\app\services\ai_analyzer.py:90]
2025-09-28 12:53:59,224 INFO: --> Nova análise para 'Atletico-MG vs Mirassol' guardada no banco de dados. [in c:\Users\msjma\OneDrive\Documentos\matscore_ai\app\services\analysis_logic.py:98]
2025-09-28 12:53:59,239 INFO: Analisando Jogo: Bahia vs Palmeiras [in c:\Users\msjma\OneDrive\Documentos\matscore_ai\app\services\analysis_logic.py:63]
2025-09-28 12:53:59,247 INFO: --> Análise para 'Bahia vs Palmeiras' não encontrada no cache. Gerando com a IA... [in c:\Users\msjma\OneDrive\Documentos\matscore_ai\app\services\analysis_logic.py:72]
2025-09-28 12:53:59,249 INFO: Buscando últimos 5 jogos para o time ID: 118 [in c:\Users\msjma\OneDrive\Documentos\matscore_ai\app\services\football_api.py:82]
2025-09-28 12:54:01,301 INFO: Buscando últimos 5 jogos para o time ID: 121 [in c:\Users\msjma\OneDrive\Documentos\matscore_ai\app\services\football_api.py:82]
2025-09-28 12:54:03,276 INFO: Buscando H2H entre os times: 118 vs 121 [in c:\Users\msjma\OneDrive\Documentos\matscore_ai\app\services\football_api.py:90]
2025-09-28 12:54:31,159 INFO: Gerando análise de IA para: Bahia vs Palmeiras [in c:\Users\msjma\OneDrive\Documentos\matscore_ai\app\services\ai_analyzer.py:90]
2025-09-28 12:54:37,120 INFO: --> Nova análise para 'Bahia vs Palmeiras' guardada no banco de dados. [in c:\Users\msjma\OneDrive\Documentos\matscore_ai\app\services\analysis_logic.py:98]
2025-09-28 12:54:37,128 INFO: Analisando Jogo: Fluminense vs Botafogo [in c:\Users\msjma\OneDrive\Documentos\matscore_ai\app\services\analysis_logic.py:63]
2025-09-28 12:54:37,135 INFO: --> Análise para 'Fluminense vs Botafogo' não encontrada no cache. Gerando com a IA... [in c:\Users\msjma\OneDrive\Documentos\matscore_ai\app\services\analysis_logic.py:72]
2025-09-28 12:54:37,137 INFO: Buscando últimos 5 jogos para o time ID: 124 [in c:\Users\msjma\OneDrive\Documentos\matscore_ai\app\services\football_api.py:82]
2025-09-28 12:54:39,131 INFO: Buscando últimos 5 jogos para o time ID: 120 [in c:\Users\msjma\OneDrive\Documentos\matscore_ai\app\services\football_api.py:82]
2025-09-28 12:54:41,220 INFO: Buscando H2H entre os times: 124 vs 120 [in c:\Users\msjma\OneDrive\Documentos\matscore_ai\app\services\football_api.py:90]
2025-09-28 12:55:10,536 INFO: Gerando análise de IA para: Fluminense vs Botafogo [in c:\Users\msjma\OneDrive\Documentos\matscore_ai\app\services\ai_analyzer.py:90]
2025-09-28 12:55:17,084 INFO: --> Nova análise para 'Fluminense vs Botafogo' guardada no banco de dados. [in c:\Users\msjma\OneDrive\Documentos\matscore_ai\app\services\analysis_logic.py:98]
2025-09-28 12:55:17,086 INFO: Analisando Jogo: RB Bragantino vs Santos [in c:\Users\msjma\OneDrive\Documentos\matscore_ai\app\services\analysis_logic.py:63]
2025-09-28 12:55:17,097 INFO: --> Análise para 'RB Bragantino vs Santos' não encontrada no cache. Gerando com a IA... [in c:\Users\msjma\OneDrive\Documentos\matscore_ai\app\services\analysis_logic.py:72]
2025-09-28 12:55:17,099 INFO: Buscando últimos 5 jogos para o time ID: 794 [in c:\Users\msjma\OneDrive\Documentos\matscore_ai\app\services\football_api.py:82]
2025-09-28 12:58:08,066 INFO: MatScore AI startup [in c:\Users\msjma\OneDrive\Documentos\matscore_ai\app\__init__.py:89]
2025-09-28 12:58:14,763 INFO: MatScore AI startup [in c:\Users\msjma\OneDrive\Documentos\matscore_ai\app\__init__.py:89]
2025-09-28 12:58:17,128 INFO: Lista de ligas definida encontrada no cache. [in c:\Users\msjma\OneDrive\Documentos\matscore_ai\app\services\analysis_logic.py:53]
2025-09-28 12:58:17,142 INFO: Jogos para 'Brasileirão Série A' em 2025-09-28 encontrados no cache do BD. [in c:\Users\msjma\OneDrive\Documentos\matscore_ai\app\services\analysis_logic.py:130]
2025-09-28 12:58:17,158 INFO: Analisando Jogo: Gremio vs Vitoria [in c:\Users\msjma\OneDrive\Documentos\matscore_ai\app\services\analysis_logic.py:63]
2025-09-28 12:58:17,170 INFO: --> Análise para 'Gremio vs Vitoria' encontrada no cache do banco de dados. [in c:\Users\msjma\OneDrive\Documentos\matscore_ai\app\services\analysis_logic.py:67]
2025-09-28 12:58:17,173 INFO: Analisando Jogo: Atletico-MG vs Mirassol [in c:\Users\msjma\OneDrive\Documentos\matscore_ai\app\services\analysis_logic.py:63]
2025-09-28 12:58:17,181 INFO: --> Análise para 'Atletico-MG vs Mirassol' encontrada no cache do banco de dados. [in c:\Users\msjma\OneDrive\Documentos\matscore_ai\app\services\analysis_logic.py:67]
2025-09-28 12:58:17,184 INFO: Analisando Jogo: Bahia vs Palmeiras [in c:\Users\msjma\OneDrive\Documentos\matscore_ai\app\services\analysis_logic.py:63]
2025-09-28 12:58:17,189 INFO: --> Análise para 'Bahia vs Palmeiras' encontrada no cache do banco de dados. [in c:\Users\msjma\OneDrive\Documentos\matscore_ai\app\services\analysis_logic.py:67]
2025-09-28 12:58:17,195 INFO: Analisando Jogo: Fluminense vs Botafogo [in c:\Users\msjma\OneDrive\Documentos\matscore_ai\app\services\analysis_logic.py:63]
2025-09-28 12:58:17,206 INFO: --> Análise para 'Fluminense vs Botafogo' encontrada no cache do banco de dados. [in c:\Users\msjma\OneDrive\Documentos\matscore_ai\app\services\analysis_logic.py:67]
2025-09-28 12:58:17,230 INFO: Analisando Jogo: RB Bragantino vs Santos [in c:\Users\msjma\OneDrive\Documentos\matscore_ai\app\services\analysis_logic.py:63]
2025-09-28 12:58:17,245 INFO: --> Análise para 'RB Bragantino vs Santos' não encontrada no cache. Gerando com a IA... [in c:\Users\msjma\OneDrive\Documentos\matscore_ai\app\services\analysis_logic.py:72]
2025-09-28 12:58:17,252 INFO: Gerando análise de IA para: RB Bragantino vs Santos [in c:\Users\msjma\OneDrive\Documentos\matscore_ai\app\services\ai_analyzer.py:58]
2025-09-28 12:58:23,730 INFO: --> Nova análise para 'RB Bragantino vs Santos' guardada no banco de dados. [in c:\Users\msjma\OneDrive\Documentos\matscore_ai\app\services\analysis_logic.py:98]
2025-09-28 12:58:23,738 INFO: Analisando Jogo: Corinthians vs Flamengo [in c:\Users\msjma\OneDrive\Documentos\matscore_ai\app\services\analysis_logic.py:63]
2025-09-28 12:58:23,754 INFO: --> Análise para 'Corinthians vs Flamengo' não encontrada no cache. Gerando com a IA... [in c:\Users\msjma\OneDrive\Documentos\matscore_ai\app\services\analysis_logic.py:72]
2025-09-28 12:58:23,756 INFO: Gerando análise de IA para: Corinthians vs Flamengo [in c:\Users\msjma\OneDrive\Documentos\matscore_ai\app\services\ai_analyzer.py:58]
2025-09-28 12:58:28,646 INFO: --> Nova análise para 'Corinthians vs Flamengo' guardada no banco de dados. [in c:\Users\msjma\OneDrive\Documentos\matscore_ai\app\services\analysis_logic.py:98]
2025-09-28 12:58:28,662 INFO: Cache de jogos para 'Brasileirão Série B' em 2025-09-28 vazio. Buscando na API. [in c:\Users\msjma\OneDrive\Documentos\matscore_ai\app\services\analysis_logic.py:133]
2025-09-28 12:58:28,664 INFO: Buscando jogos para 'Brasileirão Série B' (ID: 72) na data: 2025-09-28... [in c:\Users\msjma\OneDrive\Documentos\matscore_ai\app\services\football_api.py:17]
2025-09-28 12:58:30,811 INFO: --> 5 jogos encontrados para 'Brasileirão Série B'. [in c:\Users\msjma\OneDrive\Documentos\matscore_ai\app\services\football_api.py:47]
2025-09-28 12:58:30,885 INFO: 0 jogos de 'Brasileirão Série B' salvos no cache do BD. [in c:\Users\msjma\OneDrive\Documentos\matscore_ai\app\services\analysis_logic.py:165]
2025-09-28 12:58:30,888 INFO: Analisando Jogo: Criciuma vs Paysandu [in c:\Users\msjma\OneDrive\Documentos\matscore_ai\app\services\analysis_logic.py:63]
2025-09-28 12:58:30,901 INFO: --> Análise para 'Criciuma vs Paysandu' não encontrada no cache. Gerando com a IA... [in c:\Users\msjma\OneDrive\Documentos\matscore_ai\app\services\analysis_logic.py:72]
2025-09-28 12:58:30,906 INFO: Gerando análise de IA para: Criciuma vs Paysandu [in c:\Users\msjma\OneDrive\Documentos\matscore_ai\app\services\ai_analyzer.py:58]
2025-09-28 13:05:59,656 INFO: MatScore AI startup [in c:\Users\msjma\OneDrive\Documentos\matscore_ai\app\__init__.py:89]
2025-09-28 13:06:07,110 INFO: MatScore AI startup [in c:\Users\msjma\OneDrive\Documentos\matscore_ai\app\__init__.py:89]
2025-09-28 13:06:10,112 INFO: Lista de ligas definida encontrada no cache. [in c:\Users\msjma\OneDrive\Documentos\matscore_ai\app\services\analysis_logic.py:53]
2025-09-28 13:06:10,152 INFO: Jogos para 'Brasileirão Série A' em 2025-09-28 encontrados no cache do BD. [in c:\Users\msjma\OneDrive\Documentos\matscore_ai\app\services\analysis_logic.py:170]
2025-09-28 13:06:10,168 INFO: Analisando Jogo: Gremio vs Vitoria [in c:\Users\msjma\OneDrive\Documentos\matscore_ai\app\services\analysis_logic.py:63]
2025-09-28 13:06:10,183 INFO: --> Análise para 'Gremio vs Vitoria' encontrada no cache do banco de dados. [in c:\Users\msjma\OneDrive\Documentos\matscore_ai\app\services\analysis_logic.py:67]
2025-09-28 13:06:10,192 INFO: Analisando Jogo: Atletico-MG vs Mirassol [in c:\Users\msjma\OneDrive\Documentos\matscore_ai\app\services\analysis_logic.py:63]
2025-09-28 13:06:10,205 INFO: --> Análise para 'Atletico-MG vs Mirassol' encontrada no cache do banco de dados. [in c:\Users\msjma\OneDrive\Documentos\matscore_ai\app\services\analysis_logic.py:67]
2025-09-28 13:06:10,216 INFO: Analisando Jogo: Bahia vs Palmeiras [in c:\Users\msjma\OneDrive\Documentos\matscore_ai\app\services\analysis_logic.py:63]
2025-09-28 13:06:10,225 INFO: --> Análise para 'Bahia vs Palmeiras' encontrada no cache do banco de dados. [in c:\Users\msjma\OneDrive\Documentos\matscore_ai\app\services\analysis_logic.py:67]
2025-09-28 13:06:10,231 INFO: Analisando Jogo: Fluminense vs Botafogo [in c:\Users\msjma\OneDrive\Documentos\matscore_ai\app\services\analysis_logic.py:63]
2025-09-28 13:06:10,243 INFO: --> Análise para 'Fluminense vs Botafogo' encontrada no cache do banco de dados. [in c:\Users\msjma\OneDrive\Documentos\matscore_ai\app\services\analysis_logic.py:67]
2025-09-28 13:06:10,246 INFO: Analisando Jogo: RB Bragantino vs Santos [in c:\Users\msjma\OneDrive\Documentos\matscore_ai\app\services\analysis_logic.py:63]
2025-09-28 13:06:10,253 INFO: --> Análise para 'RB Bragantino vs Santos' encontrada no cache do banco de dados. [in c:\Users\msjma\OneDrive\Documentos\matscore_ai\app\services\analysis_logic.py:67]
2025-09-28 13:06:10,264 INFO: Analisando Jogo: Corinthians vs Flamengo [in c:\Users\msjma\OneDrive\Documentos\matscore_ai\app\services\analysis_logic.py:63]
2025-09-28 13:06:10,286 INFO: --> Análise para 'Corinthians vs Flamengo' encontrada no cache do banco de dados. [in c:\Users\msjma\OneDrive\Documentos\matscore_ai\app\services\analysis_logic.py:67]
2025-09-28 13:06:10,300 INFO: Jogos para 'Brasileirão Série B' em 2025-09-28 encontrados no cache do BD. [in c:\Users\msjma\OneDrive\Documentos\matscore_ai\app\services\analysis_logic.py:170]
2025-09-28 13:06:10,308 INFO: Analisando Jogo: Criciuma vs Paysandu [in c:\Users\msjma\OneDrive\Documentos\matscore_ai\app\services\analysis_logic.py:63]
2025-09-28 13:06:10,320 INFO: --> Análise para 'Criciuma vs Paysandu' não encontrada no cache. Gerando com a IA... [in c:\Users\msjma\OneDrive\Documentos\matscore_ai\app\services\analysis_logic.py:72]
2025-09-28 13:06:10,324 INFO: Buscando últimos 5 jogos para o time ID: 140 [in c:\Users\msjma\OneDrive\Documentos\matscore_ai\app\services\football_api.py:82]
2025-09-28 13:06:12,840 INFO: Buscando últimos 5 jogos para o time ID: 149 [in c:\Users\msjma\OneDrive\Documentos\matscore_ai\app\services\football_api.py:82]
2025-09-28 13:06:15,029 INFO: Buscando H2H entre os times: 140 vs 149 [in c:\Users\msjma\OneDrive\Documentos\matscore_ai\app\services\football_api.py:90]
2025-09-28 13:06:35,672 INFO: Lista de ligas definida encontrada no cache. [in c:\Users\msjma\OneDrive\Documentos\matscore_ai\app\services\analysis_logic.py:53]
2025-09-28 13:06:35,685 INFO: Jogos para 'Brasileirão Série A' em 2025-09-28 encontrados no cache do BD. [in c:\Users\msjma\OneDrive\Documentos\matscore_ai\app\services\analysis_logic.py:170]
2025-09-28 13:06:35,693 INFO: Analisando Jogo: Gremio vs Vitoria [in c:\Users\msjma\OneDrive\Documentos\matscore_ai\app\services\analysis_logic.py:63]
2025-09-28 13:06:35,702 INFO: --> Análise para 'Gremio vs Vitoria' encontrada no cache do banco de dados. [in c:\Users\msjma\OneDrive\Documentos\matscore_ai\app\services\analysis_logic.py:67]
2025-09-28 13:06:35,707 INFO: Analisando Jogo: Atletico-MG vs Mirassol [in c:\Users\msjma\OneDrive\Documentos\matscore_ai\app\services\analysis_logic.py:63]
2025-09-28 13:06:35,746 INFO: --> Análise para 'Atletico-MG vs Mirassol' encontrada no cache do banco de dados. [in c:\Users\msjma\OneDrive\Documentos\matscore_ai\app\services\analysis_logic.py:67]
2025-09-28 13:06:35,795 INFO: Analisando Jogo: Bahia vs Palmeiras [in c:\Users\msjma\OneDrive\Documentos\matscore_ai\app\services\analysis_logic.py:63]
2025-09-28 13:06:35,853 INFO: --> Análise para 'Bahia vs Palmeiras' encontrada no cache do banco de dados. [in c:\Users\msjma\OneDrive\Documentos\matscore_ai\app\services\analysis_logic.py:67]
2025-09-28 13:06:35,886 INFO: Analisando Jogo: Fluminense vs Botafogo [in c:\Users\msjma\OneDrive\Documentos\matscore_ai\app\services\analysis_logic.py:63]
2025-09-28 13:06:35,905 INFO: --> Análise para 'Fluminense vs Botafogo' encontrada no cache do banco de dados. [in c:\Users\msjma\OneDrive\Documentos\matscore_ai\app\services\analysis_logic.py:67]
2025-09-28 13:06:35,917 INFO: Analisando Jogo: RB Bragantino vs Santos [in c:\Users\msjma\OneDrive\Documentos\matscore_ai\app\services\analysis_logic.py:63]
2025-09-28 13:06:35,927 INFO: --> Análise para 'RB Bragantino vs Santos' encontrada no cache do banco de dados. [in c:\Users\msjma\OneDrive\Documentos\matscore_ai\app\services\analysis_logic.py:67]
2025-09-28 13:06:35,931 INFO: Analisando Jogo: Corinthians vs Flamengo [in c:\Users\msjma\OneDrive\Documentos\matscore_ai\app\services\analysis_logic.py:63]
2025-09-28 13:06:35,944 INFO: --> Análise para 'Corinthians vs Flamengo' encontrada no cache do banco de dados. [in c:\Users\msjma\OneDrive\Documentos\matscore_ai\app\services\analysis_logic.py:67]
2025-09-28 13:06:35,957 INFO: Jogos para 'Brasileirão Série B' em 2025-09-28 encontrados no cache do BD. [in c:\Users\msjma\OneDrive\Documentos\matscore_ai\app\services\analysis_logic.py:170]
2025-09-28 13:06:35,963 INFO: Analisando Jogo: Criciuma vs Paysandu [in c:\Users\msjma\OneDrive\Documentos\matscore_ai\app\services\analysis_logic.py:63]
2025-09-28 13:06:35,971 INFO: --> Análise para 'Criciuma vs Paysandu' não encontrada no cache. Gerando com a IA... [in c:\Users\msjma\OneDrive\Documentos\matscore_ai\app\services\analysis_logic.py:72]
2025-09-28 13:06:35,984 INFO: Buscando últimos 5 jogos para o time ID: 140 [in c:\Users\msjma\OneDrive\Documentos\matscore_ai\app\services\football_api.py:82]
2025-09-28 13:06:38,213 INFO: Buscando últimos 5 jogos para o time ID: 149 [in c:\Users\msjma\OneDrive\Documentos\matscore_ai\app\services\football_api.py:82]
2025-09-28 13:06:40,414 INFO: Buscando H2H entre os times: 140 vs 149 [in c:\Users\msjma\OneDrive\Documentos\matscore_ai\app\services\football_api.py:90]
2025-09-28 13:06:56,167 INFO: Gerando análise de IA para: Criciuma vs Paysandu [in c:\Users\msjma\OneDrive\Documentos\matscore_ai\app\services\ai_analyzer.py:58]
2025-09-28 13:07:05,888 INFO: --> Nova análise para 'Criciuma vs Paysandu' guardada no banco de dados. [in c:\Users\msjma\OneDrive\Documentos\matscore_ai\app\services\analysis_logic.py:138]
2025-09-28 13:07:05,909 WARNING: Conexão do cliente fechada. Interrompendo a busca de análises. [in c:\Users\msjma\OneDrive\Documentos\matscore_ai\app\services\analysis_logic.py:223]
2025-09-28 13:07:19,360 INFO: Gerando análise de IA para: Criciuma vs Paysandu [in c:\Users\msjma\OneDrive\Documentos\matscore_ai\app\services\ai_analyzer.py:58]
2025-09-28 13:07:25,271 INFO: --> Nova análise para 'Criciuma vs Paysandu' guardada no banco de dados. [in c:\Users\msjma\OneDrive\Documentos\matscore_ai\app\services\analysis_logic.py:138]
2025-09-28 13:07:25,283 INFO: Analisando Jogo: Novorizontino vs Vila Nova [in c:\Users\msjma\OneDrive\Documentos\matscore_ai\app\services\analysis_logic.py:63]
2025-09-28 13:07:25,293 INFO: --> Análise para 'Novorizontino vs Vila Nova' não encontrada no cache. Gerando com a IA... [in c:\Users\msjma\OneDrive\Documentos\matscore_ai\app\services\analysis_logic.py:72]
2025-09-28 13:07:25,296 INFO: Buscando últimos 5 jogos para o time ID: 7834 [in c:\Users\msjma\OneDrive\Documentos\matscore_ai\app\services\football_api.py:82]
2025-09-28 13:07:26,953 INFO: Buscando últimos 5 jogos para o time ID: 142 [in c:\Users\msjma\OneDrive\Documentos\matscore_ai\app\services\football_api.py:82]
2025-09-28 13:07:29,141 INFO: Buscando H2H entre os times: 7834 vs 142 [in c:\Users\msjma\OneDrive\Documentos\matscore_ai\app\services\football_api.py:90]
2025-09-28 13:08:08,722 INFO: Gerando análise de IA para: Novorizontino vs Vila Nova [in c:\Users\msjma\OneDrive\Documentos\matscore_ai\app\services\ai_analyzer.py:58]
2025-09-28 13:08:16,662 INFO: --> Nova análise para 'Novorizontino vs Vila Nova' guardada no banco de dados. [in c:\Users\msjma\OneDrive\Documentos\matscore_ai\app\services\analysis_logic.py:138]
2025-09-28 13:08:16,667 INFO: Analisando Jogo: remo vs CRB [in c:\Users\msjma\OneDrive\Documentos\matscore_ai\app\services\analysis_logic.py:63]
2025-09-28 13:08:16,676 INFO: --> Análise para 'remo vs CRB' não encontrada no cache. Gerando com a IA... [in c:\Users\msjma\OneDrive\Documentos\matscore_ai\app\services\analysis_logic.py:72]
2025-09-28 13:08:16,679 INFO: Buscando últimos 5 jogos para o time ID: 1198 [in c:\Users\msjma\OneDrive\Documentos\matscore_ai\app\services\football_api.py:82]
2025-09-28 13:08:18,487 INFO: Buscando últimos 5 jogos para o time ID: 146 [in c:\Users\msjma\OneDrive\Documentos\matscore_ai\app\services\football_api.py:82]
2025-09-28 13:08:20,843 INFO: Buscando H2H entre os times: 1198 vs 146 [in c:\Users\msjma\OneDrive\Documentos\matscore_ai\app\services\football_api.py:90]
2025-09-28 13:13:44,706 INFO: MatScore AI startup [in c:\Users\msjma\OneDrive\Documentos\matscore_ai\app\__init__.py:89]
2025-09-28 13:13:50,990 INFO: MatScore AI startup [in c:\Users\msjma\OneDrive\Documentos\matscore_ai\app\__init__.py:89]
2025-09-28 13:13:53,572 INFO: Lista de ligas definida encontrada no cache. [in c:\Users\msjma\OneDrive\Documentos\matscore_ai\app\services\analysis_logic.py:53]
2025-09-28 13:13:53,590 INFO: Jogos para 'Brasileirão Série A' em 2025-09-28 encontrados no cache do BD. [in c:\Users\msjma\OneDrive\Documentos\matscore_ai\app\services\analysis_logic.py:173]
2025-09-28 13:13:53,624 INFO: Analisando Jogo: Gremio vs Vitoria [in c:\Users\msjma\OneDrive\Documentos\matscore_ai\app\services\analysis_logic.py:63]
2025-09-28 13:13:53,643 INFO: --> Análise para 'Gremio vs Vitoria' encontrada no cache do banco de dados. [in c:\Users\msjma\OneDrive\Documentos\matscore_ai\app\services\analysis_logic.py:67]
2025-09-28 13:13:53,652 INFO: Analisando Jogo: Atletico-MG vs Mirassol [in c:\Users\msjma\OneDrive\Documentos\matscore_ai\app\services\analysis_logic.py:63]
2025-09-28 13:13:53,666 INFO: --> Análise para 'Atletico-MG vs Mirassol' encontrada no cache do banco de dados. [in c:\Users\msjma\OneDrive\Documentos\matscore_ai\app\services\analysis_logic.py:67]
2025-09-28 13:13:53,670 INFO: Analisando Jogo: Bahia vs Palmeiras [in c:\Users\msjma\OneDrive\Documentos\matscore_ai\app\services\analysis_logic.py:63]
2025-09-28 13:13:53,682 INFO: --> Análise para 'Bahia vs Palmeiras' encontrada no cache do banco de dados. [in c:\Users\msjma\OneDrive\Documentos\matscore_ai\app\services\analysis_logic.py:67]
2025-09-28 13:13:53,700 INFO: Analisando Jogo: Fluminense vs Botafogo [in c:\Users\msjma\OneDrive\Documentos\matscore_ai\app\services\analysis_logic.py:63]
2025-09-28 13:13:53,719 INFO: --> Análise para 'Fluminense vs Botafogo' encontrada no cache do banco de dados. [in c:\Users\msjma\OneDrive\Documentos\matscore_ai\app\services\analysis_logic.py:67]
2025-09-28 13:13:53,726 INFO: Analisando Jogo: RB Bragantino vs Santos [in c:\Users\msjma\OneDrive\Documentos\matscore_ai\app\services\analysis_logic.py:63]
2025-09-28 13:13:53,749 INFO: --> Análise para 'RB Bragantino vs Santos' encontrada no cache do banco de dados. [in c:\Users\msjma\OneDrive\Documentos\matscore_ai\app\services\analysis_logic.py:67]
2025-09-28 13:13:53,754 INFO: Analisando Jogo: Corinthians vs Flamengo [in c:\Users\msjma\OneDrive\Documentos\matscore_ai\app\services\analysis_logic.py:63]
2025-09-28 13:13:53,766 INFO: --> Análise para 'Corinthians vs Flamengo' encontrada no cache do banco de dados. [in c:\Users\msjma\OneDrive\Documentos\matscore_ai\app\services\analysis_logic.py:67]
2025-09-28 13:13:53,785 INFO: Jogos para 'Brasileirão Série B' em 2025-09-28 encontrados no cache do BD. [in c:\Users\msjma\OneDrive\Documentos\matscore_ai\app\services\analysis_logic.py:173]
2025-09-28 13:13:53,800 INFO: Analisando Jogo: Criciuma vs Paysandu [in c:\Users\msjma\OneDrive\Documentos\matscore_ai\app\services\analysis_logic.py:63]
2025-09-28 13:13:53,817 INFO: --> Análise para 'Criciuma vs Paysandu' encontrada no cache do banco de dados. [in c:\Users\msjma\OneDrive\Documentos\matscore_ai\app\services\analysis_logic.py:67]
2025-09-28 13:13:53,826 INFO: Analisando Jogo: Novorizontino vs Vila Nova [in c:\Users\msjma\OneDrive\Documentos\matscore_ai\app\services\analysis_logic.py:63]
2025-09-28 13:13:53,856 INFO: --> Análise para 'Novorizontino vs Vila Nova' encontrada no cache do banco de dados. [in c:\Users\msjma\OneDrive\Documentos\matscore_ai\app\services\analysis_logic.py:67]
2025-09-28 13:13:53,863 INFO: Analisando Jogo: remo vs CRB [in c:\Users\msjma\OneDrive\Documentos\matscore_ai\app\services\analysis_logic.py:63]
2025-09-28 13:13:53,875 INFO: --> Análise para 'remo vs CRB' não encontrada no cache. Gerando com a IA... [in c:\Users\msjma\OneDrive\Documentos\matscore_ai\app\services\analysis_logic.py:72]
2025-09-28 13:13:53,878 INFO: Buscando últimos 5 jogos para o time ID: 1198 [in c:\Users\msjma\OneDrive\Documentos\matscore_ai\app\services\football_api.py:82]
2025-09-28 13:14:16,391 INFO: MatScore AI startup [in C:\Users\msjma\OneDrive\Documentos\matscore_ai\app\__init__.py:89]
2025-09-28 13:14:35,083 INFO: MatScore AI startup [in c:\Users\msjma\OneDrive\Documentos\matscore_ai\app\__init__.py:89]
2025-09-28 13:14:42,000 INFO: MatScore AI startup [in c:\Users\msjma\OneDrive\Documentos\matscore_ai\app\__init__.py:89]
2025-09-28 13:15:09,756 INFO: Lista de ligas definida encontrada no cache. [in c:\Users\msjma\OneDrive\Documentos\matscore_ai\app\services\analysis_logic.py:53]
2025-09-28 13:15:09,767 INFO: Cache de jogos para 'Brasileirão Série A' em 2025-09-28 vazio. Buscando na API. [in c:\Users\msjma\OneDrive\Documentos\matscore_ai\app\services\analysis_logic.py:176]
2025-09-28 13:15:09,769 INFO: Buscando jogos para 'Brasileirão Série A' (ID: 71) na data: 2025-09-28... [in c:\Users\msjma\OneDrive\Documentos\matscore_ai\app\services\football_api.py:17]
2025-09-28 13:15:11,832 INFO: --> 6 jogos encontrados para 'Brasileirão Série A'. [in c:\Users\msjma\OneDrive\Documentos\matscore_ai\app\services\football_api.py:47]
2025-09-28 13:15:11,902 INFO: 0 jogos de 'Brasileirão Série A' salvos no cache do BD. [in c:\Users\msjma\OneDrive\Documentos\matscore_ai\app\services\analysis_logic.py:208]
2025-09-28 13:15:11,905 INFO: Analisando Jogo: Atletico-MG vs Mirassol [in c:\Users\msjma\OneDrive\Documentos\matscore_ai\app\services\analysis_logic.py:63]
2025-09-28 13:15:11,914 INFO: --> Análise para 'Atletico-MG vs Mirassol' não encontrada no cache. Gerando com a IA... [in c:\Users\msjma\OneDrive\Documentos\matscore_ai\app\services\analysis_logic.py:72]
2025-09-28 13:15:11,916 INFO: Buscando últimos 5 jogos para o time ID: 1062 [in c:\Users\msjma\OneDrive\Documentos\matscore_ai\app\services\football_api.py:82]
2025-09-28 13:15:13,889 INFO: Buscando últimos 5 jogos para o time ID: 7848 [in c:\Users\msjma\OneDrive\Documentos\matscore_ai\app\services\football_api.py:82]
2025-09-28 13:15:15,643 INFO: Buscando H2H entre os times: 1062 vs 7848 [in c:\Users\msjma\OneDrive\Documentos\matscore_ai\app\services\football_api.py:90]
2025-09-28 13:15:42,076 INFO: Gerando análise de IA para: Atletico-MG vs Mirassol [in c:\Users\msjma\OneDrive\Documentos\matscore_ai\app\services\ai_analyzer.py:58]
2025-09-28 13:15:49,867 INFO: --> Nova análise para 'Atletico-MG vs Mirassol' guardada no banco de dados. [in c:\Users\msjma\OneDrive\Documentos\matscore_ai\app\services\analysis_logic.py:141]
2025-09-28 13:15:49,883 INFO: Analisando Jogo: Gremio vs Vitoria [in c:\Users\msjma\OneDrive\Documentos\matscore_ai\app\services\analysis_logic.py:63]
2025-09-28 13:15:49,888 INFO: --> Análise para 'Gremio vs Vitoria' não encontrada no cache. Gerando com a IA... [in c:\Users\msjma\OneDrive\Documentos\matscore_ai\app\services\analysis_logic.py:72]
2025-09-28 13:15:49,891 INFO: Buscando últimos 5 jogos para o time ID: 130 [in c:\Users\msjma\OneDrive\Documentos\matscore_ai\app\services\football_api.py:82]
2025-09-28 13:15:51,787 INFO: Buscando últimos 5 jogos para o time ID: 136 [in c:\Users\msjma\OneDrive\Documentos\matscore_ai\app\services\football_api.py:82]
2025-09-28 13:15:54,308 INFO: Buscando H2H entre os times: 130 vs 136 [in c:\Users\msjma\OneDrive\Documentos\matscore_ai\app\services\football_api.py:90]
2025-09-28 13:16:31,668 INFO: Gerando análise de IA para: Gremio vs Vitoria [in c:\Users\msjma\OneDrive\Documentos\matscore_ai\app\services\ai_analyzer.py:58]
2025-09-28 13:16:38,680 INFO: --> Nova análise para 'Gremio vs Vitoria' guardada no banco de dados. [in c:\Users\msjma\OneDrive\Documentos\matscore_ai\app\services\analysis_logic.py:141]
2025-09-28 13:16:38,680 INFO: Analisando Jogo: Bahia vs Palmeiras [in c:\Users\msjma\OneDrive\Documentos\matscore_ai\app\services\analysis_logic.py:63]
2025-09-28 13:16:38,698 INFO: --> Análise para 'Bahia vs Palmeiras' não encontrada no cache. Gerando com a IA... [in c:\Users\msjma\OneDrive\Documentos\matscore_ai\app\services\analysis_logic.py:72]
2025-09-28 13:16:38,701 INFO: Buscando últimos 5 jogos para o time ID: 118 [in c:\Users\msjma\OneDrive\Documentos\matscore_ai\app\services\football_api.py:82]
